<?xml version="1.0" encoding="UTF-8"?>
<robot generator="Robot 3.1.2 (Python 3.6.6 on darwin)" generated="20200505 13:20:29.159" rpa="false">
<suite id="s1" name="Tests" source="/Users/alissonsantana/Desktop/poc_robot_framework/robot-framework-web/tests">
<suite id="s1-s1" name="Busca" source="/Users/alissonsantana/Desktop/poc_robot_framework/robot-framework-web/tests/busca.robot">
<kw name="Run Keywords" library="BuiltIn" type="setup">
<doc>Executes all the given keywords in a sequence.</doc>
<arguments>
<arg>Set Selenium Timeout</arg>
<arg>${TIMEOUT}</arg>
<arg>AND</arg>
<arg>Set Selenium Implicit Wait</arg>
<arg>${WAIT}</arg>
</arguments>
<kw name="Set Selenium Timeout" library="SeleniumLibrary">
<doc>Sets the timeout that is used by various keywords.</doc>
<arguments>
<arg>${TIMEOUT}</arg>
</arguments>
<status status="PASS" starttime="20200505 13:20:29.891" endtime="20200505 13:20:29.892"></status>
</kw>
<kw name="Set Selenium Implicit Wait" library="SeleniumLibrary">
<doc>Sets the implicit wait value used by Selenium.</doc>
<arguments>
<arg>${WAIT}</arg>
</arguments>
<status status="PASS" starttime="20200505 13:20:29.892" endtime="20200505 13:20:29.893"></status>
</kw>
<status status="PASS" starttime="20200505 13:20:29.891" endtime="20200505 13:20:29.893"></status>
</kw>
<test id="s1-s1-t1" name="Cenário: Buscar produto no Zé Delivey">
<kw name="Run Keywords" library="BuiltIn" type="setup">
<doc>Executes all the given keywords in a sequence.</doc>
<arguments>
<arg>Open Browser</arg>
<arg>${ZE_URL}</arg>
<arg>${BROWSER}</arg>
<arg>AND</arg>
<arg>Maximize Browser Window</arg>
<arg>AND</arg>
<arg>Confirmar Idade</arg>
</arguments>
<kw name="Open Browser" library="SeleniumLibrary">
<doc>Opens a new browser instance to the optional ``url``.</doc>
<arguments>
<arg>${ZE_URL}</arg>
<arg>${BROWSER}</arg>
</arguments>
<msg timestamp="20200505 13:20:29.896" level="INFO">Opening browser 'chrome' to base url 'https://www.ze.delivery/'.</msg>
<status status="PASS" starttime="20200505 13:20:29.895" endtime="20200505 13:20:34.709"></status>
</kw>
<kw name="Maximize Browser Window" library="SeleniumLibrary">
<doc>Maximizes current browser window.</doc>
<status status="PASS" starttime="20200505 13:20:34.710" endtime="20200505 13:20:34.857"></status>
</kw>
<kw name="Confirmar Idade" library="commons">
<kw name="Click Confirm Age" library="busca">
<doc>Click to confirm age</doc>
<msg timestamp="20200505 13:20:34.969" level="INFO">Clicking button 'id=age-gate-button-yes'.</msg>
<status status="PASS" starttime="20200505 13:20:34.859" endtime="20200505 13:20:35.103"></status>
</kw>
<status status="PASS" starttime="20200505 13:20:34.858" endtime="20200505 13:20:35.103"></status>
</kw>
<status status="PASS" starttime="20200505 13:20:29.895" endtime="20200505 13:20:35.104"></status>
</kw>
<kw name="Dado realizar uma busa no site do Zé Delivery" library="kw_busca">
<kw name="Enter Street Name" library="busca">
<doc>Enter street name</doc>
<arguments>
<arg>Rua Fradique Coutinho</arg>
</arguments>
<msg timestamp="20200505 13:20:35.199" level="INFO">Clicking button 'id=fake-address-search-input'.</msg>
<msg timestamp="20200505 13:20:35.531" level="INFO">Typing text 'Rua Fradique Coutinho' into text field 'id=address-search-input-address'.</msg>
<status status="PASS" starttime="20200505 13:20:35.106" endtime="20200505 13:20:36.008"></status>
</kw>
<kw name="Click Auto Complete" library="busca">
<doc>Click address auto complete</doc>
<msg timestamp="20200505 13:20:36.238" level="INFO">Clicking element 'dom=document.body.getElementsByClassName('css-1hsz1r5-text-grayColor-IconListItem')[0]'.</msg>
<status status="PASS" starttime="20200505 13:20:36.008" endtime="20200505 13:20:36.304"></status>
</kw>
<kw name="Enter Adrress Number" library="busca">
<doc>Enter address number</doc>
<arguments>
<arg>1632</arg>
</arguments>
<msg timestamp="20200505 13:20:36.577" level="INFO">Typing text '1632' into text field 'id=address-details-input-number'.</msg>
<status status="PASS" starttime="20200505 13:20:36.305" endtime="20200505 13:20:36.739"></status>
</kw>
<kw name="Enter Adrress Complement" library="busca">
<doc>Enter address complement</doc>
<arguments>
<arg>Zé Delivery</arg>
</arguments>
<msg timestamp="20200505 13:20:36.779" level="INFO">Typing text 'Zé Delivery' into text field 'id=address-details-input-complement'.</msg>
<status status="PASS" starttime="20200505 13:20:36.740" endtime="20200505 13:20:37.050"></status>
</kw>
<kw name="Click Display Products" library="busca">
<doc>Click address auto complete</doc>
<msg timestamp="20200505 13:20:37.079" level="INFO">Clicking button 'id=address-details-button-continue'.</msg>
<status status="PASS" starttime="20200505 13:20:37.050" endtime="20200505 13:20:37.196"></status>
</kw>
<status status="PASS" starttime="20200505 13:20:35.105" endtime="20200505 13:20:37.196"></status>
</kw>
<kw name="Quando selecionar um produto para compra" library="kw_busca">
<kw name="Click Product" library="busca">
<doc>Click on product</doc>
<msg timestamp="20200505 13:20:40.521" level="INFO">Clicking element 'dom=document.body.getElementsByClassName('css-14siswc')[0]'.</msg>
<status status="PASS" starttime="20200505 13:20:37.197" endtime="20200505 13:20:40.695"></status>
</kw>
<status status="PASS" starttime="20200505 13:20:37.197" endtime="20200505 13:20:40.696"></status>
</kw>
<kw name="Entao validar PDP do produto selecionado" library="kw_busca">
<kw name="Validate Product" library="busca">
<doc>Validate success modal of new router</doc>
<msg timestamp="20200505 13:20:41.793" level="INFO">Current page contains element 'id=add-product'.</msg>
<msg timestamp="20200505 13:20:41.830" level="INFO">Current page contains element 'id=product-cold-drink-tag'.</msg>
<msg timestamp="20200505 13:20:41.865" level="INFO">Current page contains element 'class=css-19158th'.</msg>
<status status="PASS" starttime="20200505 13:20:40.697" endtime="20200505 13:20:41.865"></status>
</kw>
<kw name="Page Should Contain" library="SeleniumLibrary">
<doc>Verifies that current page contains ``text``.</doc>
<arguments>
<arg>Skol</arg>
</arguments>
<msg timestamp="20200505 13:20:41.884" level="INFO">Current page contains text 'Skol'.</msg>
<status status="PASS" starttime="20200505 13:20:41.866" endtime="20200505 13:20:41.884"></status>
</kw>
<status status="PASS" starttime="20200505 13:20:40.696" endtime="20200505 13:20:41.885"></status>
</kw>
<kw name="Run Keywords" library="BuiltIn" type="teardown">
<doc>Executes all the given keywords in a sequence.</doc>
<arguments>
<arg>Capture Page Screenshot</arg>
<arg>AND</arg>
<arg>Close Browser</arg>
</arguments>
<kw name="Capture Page Screenshot" library="SeleniumLibrary">
<doc>Takes a screenshot of the current page and embeds it into a log file.</doc>
<msg timestamp="20200505 13:20:42.212" level="INFO" html="yes">&lt;/td&gt;&lt;/tr&gt;&lt;tr&gt;&lt;td colspan="3"&gt;&lt;a href="selenium-screenshot-1.png"&gt;&lt;img src="selenium-screenshot-1.png" width="800px"&gt;&lt;/a&gt;</msg>
<status status="PASS" starttime="20200505 13:20:41.886" endtime="20200505 13:20:42.213"></status>
</kw>
<kw name="Close Browser" library="SeleniumLibrary">
<doc>Closes the current browser.</doc>
<status status="PASS" starttime="20200505 13:20:42.213" endtime="20200505 13:20:42.359"></status>
</kw>
<status status="PASS" starttime="20200505 13:20:41.885" endtime="20200505 13:20:42.359"></status>
</kw>
<doc>A busca permite usuário encontrar o produto desejado no local em questão, além de informar o preço e detalhes do produto</doc>
<tags>
<tag>busca</tag>
<tag>buscar_produto</tag>
</tags>
<status status="PASS" starttime="20200505 13:20:29.893" endtime="20200505 13:20:42.359" critical="yes"></status>
</test>
<status status="PASS" starttime="20200505 13:20:29.198" endtime="20200505 13:20:42.364"></status>
</suite>
<status status="PASS" starttime="20200505 13:20:29.165" endtime="20200505 13:20:42.369"></status>
</suite>
<statistics>
<total>
<stat pass="1" fail="0">Critical Tests</stat>
<stat pass="1" fail="0">All Tests</stat>
</total>
<tag>
<stat pass="1" fail="0">busca</stat>
<stat pass="1" fail="0">buscar_produto</stat>
</tag>
<suite>
<stat pass="1" fail="0" id="s1" name="Tests">Tests</stat>
<stat pass="1" fail="0" id="s1-s1" name="Busca">Tests.Busca</stat>
</suite>
</statistics>
<errors>
</errors>
</robot>
